2023-08-18T15:19:39.765-03:00  INFO 7296 --- [restartedMain] c.shopme.admin.ShopmeBackendApplication  : Starting ShopmeBackendApplication using Java 19.0.2 with PID 7296 (C:\Users\juanm\OneDrive\Desktop\Java\Spring\Shopme Ecommerce\ShopmeProject\ShopmeWebParent\ShopmeBackend\target\classes started by juanm in C:\Users\juanm\OneDrive\Desktop\Java\Spring\ShopMe Ecommerce\ShopmeProject\ShopmeWebParent\ShopmeBackend)
2023-08-18T15:19:39.766-03:00 DEBUG 7296 --- [restartedMain] c.shopme.admin.ShopmeBackendApplication  : Running with Spring Boot v3.1.2, Spring v6.0.11
2023-08-18T15:19:39.766-03:00  INFO 7296 --- [restartedMain] c.shopme.admin.ShopmeBackendApplication  : No active profile set, falling back to 1 default profile: "default"
2023-08-18T15:19:40.911-03:00  WARN 7296 --- [restartedMain] JpaBaseConfiguration$JpaWebConfiguration : spring.jpa.open-in-view is enabled by default. Therefore, database queries may be performed during view rendering. Explicitly configure spring.jpa.open-in-view to disable this warning
2023-08-18T15:19:41.599-03:00  INFO 7296 --- [restartedMain] c.shopme.admin.ShopmeBackendApplication  : Started ShopmeBackendApplication in 1.896 seconds (process running for 166.536)
2023-08-18T15:21:20.470-03:00  INFO 7296 --- [restartedMain] c.shopme.admin.ShopmeBackendApplication  : Starting ShopmeBackendApplication using Java 19.0.2 with PID 7296 (C:\Users\juanm\OneDrive\Desktop\Java\Spring\Shopme Ecommerce\ShopmeProject\ShopmeWebParent\ShopmeBackend\target\classes started by juanm in C:\Users\juanm\OneDrive\Desktop\Java\Spring\ShopMe Ecommerce\ShopmeProject\ShopmeWebParent\ShopmeBackend)
2023-08-18T15:21:20.472-03:00 DEBUG 7296 --- [restartedMain] c.shopme.admin.ShopmeBackendApplication  : Running with Spring Boot v3.1.2, Spring v6.0.11
2023-08-18T15:21:20.472-03:00  INFO 7296 --- [restartedMain] c.shopme.admin.ShopmeBackendApplication  : No active profile set, falling back to 1 default profile: "default"
2023-08-18T15:21:21.636-03:00  WARN 7296 --- [restartedMain] JpaBaseConfiguration$JpaWebConfiguration : spring.jpa.open-in-view is enabled by default. Therefore, database queries may be performed during view rendering. Explicitly configure spring.jpa.open-in-view to disable this warning
2023-08-18T15:21:22.287-03:00  INFO 7296 --- [restartedMain] c.shopme.admin.ShopmeBackendApplication  : Started ShopmeBackendApplication in 1.875 seconds (process running for 267.223)
2023-08-18T15:21:27.401-03:00  INFO 7296 --- [restartedMain] c.shopme.admin.ShopmeBackendApplication  : Starting ShopmeBackendApplication using Java 19.0.2 with PID 7296 (C:\Users\juanm\OneDrive\Desktop\Java\Spring\Shopme Ecommerce\ShopmeProject\ShopmeWebParent\ShopmeBackend\target\classes started by juanm in C:\Users\juanm\OneDrive\Desktop\Java\Spring\ShopMe Ecommerce\ShopmeProject\ShopmeWebParent\ShopmeBackend)
2023-08-18T15:21:27.402-03:00 DEBUG 7296 --- [restartedMain] c.shopme.admin.ShopmeBackendApplication  : Running with Spring Boot v3.1.2, Spring v6.0.11
2023-08-18T15:21:27.402-03:00  INFO 7296 --- [restartedMain] c.shopme.admin.ShopmeBackendApplication  : No active profile set, falling back to 1 default profile: "default"
2023-08-18T15:21:28.306-03:00  WARN 7296 --- [restartedMain] JpaBaseConfiguration$JpaWebConfiguration : spring.jpa.open-in-view is enabled by default. Therefore, database queries may be performed during view rendering. Explicitly configure spring.jpa.open-in-view to disable this warning
2023-08-18T15:21:28.829-03:00  INFO 7296 --- [restartedMain] c.shopme.admin.ShopmeBackendApplication  : Started ShopmeBackendApplication in 1.466 seconds (process running for 273.765)
2023-08-18T15:21:31.484-03:00  INFO 7296 --- [restartedMain] c.shopme.admin.ShopmeBackendApplication  : Starting ShopmeBackendApplication using Java 19.0.2 with PID 7296 (C:\Users\juanm\OneDrive\Desktop\Java\Spring\Shopme Ecommerce\ShopmeProject\ShopmeWebParent\ShopmeBackend\target\classes started by juanm in C:\Users\juanm\OneDrive\Desktop\Java\Spring\ShopMe Ecommerce\ShopmeProject\ShopmeWebParent\ShopmeBackend)
2023-08-18T15:21:31.485-03:00 DEBUG 7296 --- [restartedMain] c.shopme.admin.ShopmeBackendApplication  : Running with Spring Boot v3.1.2, Spring v6.0.11
2023-08-18T15:21:31.486-03:00  INFO 7296 --- [restartedMain] c.shopme.admin.ShopmeBackendApplication  : No active profile set, falling back to 1 default profile: "default"
2023-08-18T15:21:32.659-03:00  WARN 7296 --- [restartedMain] JpaBaseConfiguration$JpaWebConfiguration : spring.jpa.open-in-view is enabled by default. Therefore, database queries may be performed during view rendering. Explicitly configure spring.jpa.open-in-view to disable this warning
2023-08-18T15:21:33.591-03:00  INFO 7296 --- [restartedMain] c.shopme.admin.ShopmeBackendApplication  : Started ShopmeBackendApplication in 2.161 seconds (process running for 278.528)
2023-08-18T15:22:30.268-03:00  INFO 5564 --- [restartedMain] c.shopme.admin.ShopmeBackendApplication  : Starting ShopmeBackendApplication using Java 19.0.2 with PID 5564 (C:\Users\juanm\OneDrive\Desktop\Java\Spring\Shopme Ecommerce\ShopmeProject\ShopmeWebParent\ShopmeBackend\target\classes started by juanm in C:\Users\juanm\OneDrive\Desktop\Java\Spring\ShopMe Ecommerce\ShopmeProject\ShopmeWebParent\ShopmeBackend)
2023-08-18T15:22:30.270-03:00 DEBUG 5564 --- [restartedMain] c.shopme.admin.ShopmeBackendApplication  : Running with Spring Boot v3.1.2, Spring v6.0.11
2023-08-18T15:22:30.271-03:00  INFO 5564 --- [restartedMain] c.shopme.admin.ShopmeBackendApplication  : No active profile set, falling back to 1 default profile: "default"
2023-08-18T15:22:39.658-03:00  WARN 5564 --- [restartedMain] JpaBaseConfiguration$JpaWebConfiguration : spring.jpa.open-in-view is enabled by default. Therefore, database queries may be performed during view rendering. Explicitly configure spring.jpa.open-in-view to disable this warning
2023-08-18T15:22:41.497-03:00  INFO 5564 --- [restartedMain] c.shopme.admin.ShopmeBackendApplication  : Started ShopmeBackendApplication in 12.011 seconds (process running for 13.464)
2023-08-18T17:22:33.468-03:00  INFO 5564 --- [restartedMain] c.shopme.admin.ShopmeBackendApplication  : Starting ShopmeBackendApplication using Java 19.0.2 with PID 5564 (C:\Users\juanm\OneDrive\Desktop\Java\Spring\Shopme Ecommerce\ShopmeProject\ShopmeWebParent\ShopmeBackend\target\classes started by juanm in C:\Users\juanm\OneDrive\Desktop\Java\Spring\ShopMe Ecommerce\ShopmeProject\ShopmeWebParent\ShopmeBackend)
2023-08-18T17:22:33.469-03:00 DEBUG 5564 --- [restartedMain] c.shopme.admin.ShopmeBackendApplication  : Running with Spring Boot v3.1.2, Spring v6.0.11
2023-08-18T17:22:33.469-03:00  INFO 5564 --- [restartedMain] c.shopme.admin.ShopmeBackendApplication  : No active profile set, falling back to 1 default profile: "default"
2023-08-18T17:22:34.844-03:00  WARN 5564 --- [restartedMain] JpaBaseConfiguration$JpaWebConfiguration : spring.jpa.open-in-view is enabled by default. Therefore, database queries may be performed during view rendering. Explicitly configure spring.jpa.open-in-view to disable this warning
2023-08-18T17:22:35.668-03:00  INFO 5564 --- [restartedMain] c.shopme.admin.ShopmeBackendApplication  : Started ShopmeBackendApplication in 2.264 seconds (process running for 7207.635)
2023-08-18T17:22:37.367-03:00  INFO 5564 --- [restartedMain] c.shopme.admin.ShopmeBackendApplication  : Starting ShopmeBackendApplication using Java 19.0.2 with PID 5564 (C:\Users\juanm\OneDrive\Desktop\Java\Spring\Shopme Ecommerce\ShopmeProject\ShopmeWebParent\ShopmeBackend\target\classes started by juanm in C:\Users\juanm\OneDrive\Desktop\Java\Spring\ShopMe Ecommerce\ShopmeProject\ShopmeWebParent\ShopmeBackend)
2023-08-18T17:22:37.367-03:00 DEBUG 5564 --- [restartedMain] c.shopme.admin.ShopmeBackendApplication  : Running with Spring Boot v3.1.2, Spring v6.0.11
2023-08-18T17:22:37.368-03:00  INFO 5564 --- [restartedMain] c.shopme.admin.ShopmeBackendApplication  : No active profile set, falling back to 1 default profile: "default"
2023-08-18T17:22:38.534-03:00  WARN 5564 --- [restartedMain] JpaBaseConfiguration$JpaWebConfiguration : spring.jpa.open-in-view is enabled by default. Therefore, database queries may be performed during view rendering. Explicitly configure spring.jpa.open-in-view to disable this warning
2023-08-18T17:22:39.212-03:00  INFO 5564 --- [restartedMain] c.shopme.admin.ShopmeBackendApplication  : Started ShopmeBackendApplication in 1.944 seconds (process running for 7211.179)
2023-08-18T17:23:00.732-03:00  INFO 5564 --- [restartedMain] c.shopme.admin.ShopmeBackendApplication  : Starting ShopmeBackendApplication using Java 19.0.2 with PID 5564 (C:\Users\juanm\OneDrive\Desktop\Java\Spring\Shopme Ecommerce\ShopmeProject\ShopmeWebParent\ShopmeBackend\target\classes started by juanm in C:\Users\juanm\OneDrive\Desktop\Java\Spring\ShopMe Ecommerce\ShopmeProject\ShopmeWebParent\ShopmeBackend)
2023-08-18T17:23:00.732-03:00 DEBUG 5564 --- [restartedMain] c.shopme.admin.ShopmeBackendApplication  : Running with Spring Boot v3.1.2, Spring v6.0.11
2023-08-18T17:23:00.732-03:00  INFO 5564 --- [restartedMain] c.shopme.admin.ShopmeBackendApplication  : No active profile set, falling back to 1 default profile: "default"
2023-08-18T17:23:01.622-03:00  WARN 5564 --- [restartedMain] JpaBaseConfiguration$JpaWebConfiguration : spring.jpa.open-in-view is enabled by default. Therefore, database queries may be performed during view rendering. Explicitly configure spring.jpa.open-in-view to disable this warning
2023-08-18T17:23:02.650-03:00  INFO 5564 --- [restartedMain] c.shopme.admin.ShopmeBackendApplication  : Started ShopmeBackendApplication in 2.003 seconds (process running for 7234.617)
2023-08-18T17:23:15.128-03:00  INFO 5564 --- [restartedMain] c.shopme.admin.ShopmeBackendApplication  : Starting ShopmeBackendApplication using Java 19.0.2 with PID 5564 (C:\Users\juanm\OneDrive\Desktop\Java\Spring\Shopme Ecommerce\ShopmeProject\ShopmeWebParent\ShopmeBackend\target\classes started by juanm in C:\Users\juanm\OneDrive\Desktop\Java\Spring\ShopMe Ecommerce\ShopmeProject\ShopmeWebParent\ShopmeBackend)
2023-08-18T17:23:15.128-03:00 DEBUG 5564 --- [restartedMain] c.shopme.admin.ShopmeBackendApplication  : Running with Spring Boot v3.1.2, Spring v6.0.11
2023-08-18T17:23:15.128-03:00  INFO 5564 --- [restartedMain] c.shopme.admin.ShopmeBackendApplication  : No active profile set, falling back to 1 default profile: "default"
2023-08-18T17:23:16.197-03:00  WARN 5564 --- [restartedMain] JpaBaseConfiguration$JpaWebConfiguration : spring.jpa.open-in-view is enabled by default. Therefore, database queries may be performed during view rendering. Explicitly configure spring.jpa.open-in-view to disable this warning
2023-08-18T17:23:16.959-03:00  INFO 5564 --- [restartedMain] c.shopme.admin.ShopmeBackendApplication  : Started ShopmeBackendApplication in 1.884 seconds (process running for 7248.926)
2023-08-18T17:23:58.086-03:00  INFO 5564 --- [restartedMain] c.shopme.admin.ShopmeBackendApplication  : Starting ShopmeBackendApplication using Java 19.0.2 with PID 5564 (C:\Users\juanm\OneDrive\Desktop\Java\Spring\Shopme Ecommerce\ShopmeProject\ShopmeWebParent\ShopmeBackend\target\classes started by juanm in C:\Users\juanm\OneDrive\Desktop\Java\Spring\ShopMe Ecommerce\ShopmeProject\ShopmeWebParent\ShopmeBackend)
2023-08-18T17:23:58.086-03:00 DEBUG 5564 --- [restartedMain] c.shopme.admin.ShopmeBackendApplication  : Running with Spring Boot v3.1.2, Spring v6.0.11
2023-08-18T17:23:58.086-03:00  INFO 5564 --- [restartedMain] c.shopme.admin.ShopmeBackendApplication  : No active profile set, falling back to 1 default profile: "default"
2023-08-18T17:23:59.180-03:00  WARN 5564 --- [restartedMain] JpaBaseConfiguration$JpaWebConfiguration : spring.jpa.open-in-view is enabled by default. Therefore, database queries may be performed during view rendering. Explicitly configure spring.jpa.open-in-view to disable this warning
2023-08-18T17:23:59.879-03:00  INFO 5564 --- [restartedMain] c.shopme.admin.ShopmeBackendApplication  : Started ShopmeBackendApplication in 1.877 seconds (process running for 7291.846)
2023-08-18T17:24:17.803-03:00  INFO 5564 --- [restartedMain] c.shopme.admin.ShopmeBackendApplication  : Starting ShopmeBackendApplication using Java 19.0.2 with PID 5564 (C:\Users\juanm\OneDrive\Desktop\Java\Spring\Shopme Ecommerce\ShopmeProject\ShopmeWebParent\ShopmeBackend\target\classes started by juanm in C:\Users\juanm\OneDrive\Desktop\Java\Spring\ShopMe Ecommerce\ShopmeProject\ShopmeWebParent\ShopmeBackend)
2023-08-18T17:24:17.804-03:00 DEBUG 5564 --- [restartedMain] c.shopme.admin.ShopmeBackendApplication  : Running with Spring Boot v3.1.2, Spring v6.0.11
2023-08-18T17:24:17.804-03:00  INFO 5564 --- [restartedMain] c.shopme.admin.ShopmeBackendApplication  : No active profile set, falling back to 1 default profile: "default"
2023-08-18T17:24:18.733-03:00  WARN 5564 --- [restartedMain] JpaBaseConfiguration$JpaWebConfiguration : spring.jpa.open-in-view is enabled by default. Therefore, database queries may be performed during view rendering. Explicitly configure spring.jpa.open-in-view to disable this warning
2023-08-18T17:24:19.490-03:00  INFO 5564 --- [restartedMain] c.shopme.admin.ShopmeBackendApplication  : Started ShopmeBackendApplication in 1.731 seconds (process running for 7311.458)
2023-08-18T17:24:25.447-03:00  INFO 5564 --- [restartedMain] c.shopme.admin.ShopmeBackendApplication  : Starting ShopmeBackendApplication using Java 19.0.2 with PID 5564 (C:\Users\juanm\OneDrive\Desktop\Java\Spring\Shopme Ecommerce\ShopmeProject\ShopmeWebParent\ShopmeBackend\target\classes started by juanm in C:\Users\juanm\OneDrive\Desktop\Java\Spring\ShopMe Ecommerce\ShopmeProject\ShopmeWebParent\ShopmeBackend)
2023-08-18T17:24:25.447-03:00 DEBUG 5564 --- [restartedMain] c.shopme.admin.ShopmeBackendApplication  : Running with Spring Boot v3.1.2, Spring v6.0.11
2023-08-18T17:24:25.448-03:00  INFO 5564 --- [restartedMain] c.shopme.admin.ShopmeBackendApplication  : No active profile set, falling back to 1 default profile: "default"
2023-08-18T17:24:26.596-03:00  WARN 5564 --- [restartedMain] JpaBaseConfiguration$JpaWebConfiguration : spring.jpa.open-in-view is enabled by default. Therefore, database queries may be performed during view rendering. Explicitly configure spring.jpa.open-in-view to disable this warning
2023-08-18T17:24:28.256-03:00  INFO 5564 --- [restartedMain] c.shopme.admin.ShopmeBackendApplication  : Started ShopmeBackendApplication in 2.981 seconds (process running for 7320.223)
2023-08-18T17:24:34.461-03:00  INFO 5564 --- [restartedMain] c.shopme.admin.ShopmeBackendApplication  : Starting ShopmeBackendApplication using Java 19.0.2 with PID 5564 (C:\Users\juanm\OneDrive\Desktop\Java\Spring\Shopme Ecommerce\ShopmeProject\ShopmeWebParent\ShopmeBackend\target\classes started by juanm in C:\Users\juanm\OneDrive\Desktop\Java\Spring\ShopMe Ecommerce\ShopmeProject\ShopmeWebParent\ShopmeBackend)
2023-08-18T17:24:34.462-03:00 DEBUG 5564 --- [restartedMain] c.shopme.admin.ShopmeBackendApplication  : Running with Spring Boot v3.1.2, Spring v6.0.11
2023-08-18T17:24:34.463-03:00  INFO 5564 --- [restartedMain] c.shopme.admin.ShopmeBackendApplication  : No active profile set, falling back to 1 default profile: "default"
2023-08-18T17:24:35.489-03:00  WARN 5564 --- [restartedMain] JpaBaseConfiguration$JpaWebConfiguration : spring.jpa.open-in-view is enabled by default. Therefore, database queries may be performed during view rendering. Explicitly configure spring.jpa.open-in-view to disable this warning
2023-08-18T17:24:36.234-03:00  INFO 5564 --- [restartedMain] c.shopme.admin.ShopmeBackendApplication  : Started ShopmeBackendApplication in 1.813 seconds (process running for 7328.202)
2023-08-18T17:24:37.945-03:00  INFO 5564 --- [restartedMain] c.shopme.admin.ShopmeBackendApplication  : Starting ShopmeBackendApplication using Java 19.0.2 with PID 5564 (C:\Users\juanm\OneDrive\Desktop\Java\Spring\Shopme Ecommerce\ShopmeProject\ShopmeWebParent\ShopmeBackend\target\classes started by juanm in C:\Users\juanm\OneDrive\Desktop\Java\Spring\ShopMe Ecommerce\ShopmeProject\ShopmeWebParent\ShopmeBackend)
2023-08-18T17:24:37.946-03:00 DEBUG 5564 --- [restartedMain] c.shopme.admin.ShopmeBackendApplication  : Running with Spring Boot v3.1.2, Spring v6.0.11
2023-08-18T17:24:37.946-03:00  INFO 5564 --- [restartedMain] c.shopme.admin.ShopmeBackendApplication  : No active profile set, falling back to 1 default profile: "default"
2023-08-18T17:24:38.856-03:00  WARN 5564 --- [restartedMain] JpaBaseConfiguration$JpaWebConfiguration : spring.jpa.open-in-view is enabled by default. Therefore, database queries may be performed during view rendering. Explicitly configure spring.jpa.open-in-view to disable this warning
2023-08-18T17:24:39.496-03:00  INFO 5564 --- [restartedMain] c.shopme.admin.ShopmeBackendApplication  : Started ShopmeBackendApplication in 1.619 seconds (process running for 7331.463)
2023-08-18T17:24:52.672-03:00  INFO 5564 --- [restartedMain] c.shopme.admin.ShopmeBackendApplication  : Starting ShopmeBackendApplication using Java 19.0.2 with PID 5564 (C:\Users\juanm\OneDrive\Desktop\Java\Spring\Shopme Ecommerce\ShopmeProject\ShopmeWebParent\ShopmeBackend\target\classes started by juanm in C:\Users\juanm\OneDrive\Desktop\Java\Spring\ShopMe Ecommerce\ShopmeProject\ShopmeWebParent\ShopmeBackend)
2023-08-18T17:24:52.673-03:00 DEBUG 5564 --- [restartedMain] c.shopme.admin.ShopmeBackendApplication  : Running with Spring Boot v3.1.2, Spring v6.0.11
2023-08-18T17:24:52.673-03:00  INFO 5564 --- [restartedMain] c.shopme.admin.ShopmeBackendApplication  : No active profile set, falling back to 1 default profile: "default"
2023-08-18T17:24:53.645-03:00  WARN 5564 --- [restartedMain] JpaBaseConfiguration$JpaWebConfiguration : spring.jpa.open-in-view is enabled by default. Therefore, database queries may be performed during view rendering. Explicitly configure spring.jpa.open-in-view to disable this warning
2023-08-18T17:24:54.432-03:00  INFO 5564 --- [restartedMain] c.shopme.admin.ShopmeBackendApplication  : Started ShopmeBackendApplication in 1.816 seconds (process running for 7346.4)
2023-08-18T17:24:57.103-03:00  INFO 5564 --- [restartedMain] c.shopme.admin.ShopmeBackendApplication  : Starting ShopmeBackendApplication using Java 19.0.2 with PID 5564 (C:\Users\juanm\OneDrive\Desktop\Java\Spring\Shopme Ecommerce\ShopmeProject\ShopmeWebParent\ShopmeBackend\target\classes started by juanm in C:\Users\juanm\OneDrive\Desktop\Java\Spring\ShopMe Ecommerce\ShopmeProject\ShopmeWebParent\ShopmeBackend)
2023-08-18T17:24:57.103-03:00 DEBUG 5564 --- [restartedMain] c.shopme.admin.ShopmeBackendApplication  : Running with Spring Boot v3.1.2, Spring v6.0.11
2023-08-18T17:24:57.103-03:00  INFO 5564 --- [restartedMain] c.shopme.admin.ShopmeBackendApplication  : No active profile set, falling back to 1 default profile: "default"
2023-08-18T17:24:58.078-03:00  WARN 5564 --- [restartedMain] JpaBaseConfiguration$JpaWebConfiguration : spring.jpa.open-in-view is enabled by default. Therefore, database queries may be performed during view rendering. Explicitly configure spring.jpa.open-in-view to disable this warning
2023-08-18T17:24:58.779-03:00  INFO 5564 --- [restartedMain] c.shopme.admin.ShopmeBackendApplication  : Started ShopmeBackendApplication in 1.737 seconds (process running for 7350.747)
